<?xml version="1.0" encoding="UTF-8"?>
<!-- Generated by org.testng.reporters.JUnitReportReporter -->
<testsuite skipped="0" hostname="LAPTOP-QJJ2AI66" name="org.example.runners.TestRunner1" tests="12" failures="0" timestamp="2023-01-16T22:58:29 EET" time="79.365" errors="0">
  <testcase name="runScenario" time="6.369" classname="org.example.runners.TestRunner1"/>
  <system-out/>
  <testcase name="runScenario" time="6.575" classname="org.example.runners.TestRunner1"/>
  <system-out/>
  <testcase name="runScenario" time="6.316" classname="org.example.runners.TestRunner1"/>
  <system-out/>
  <testcase name="runScenario" time="5.446" classname="org.example.runners.TestRunner1"/>
  <system-out/>
  <testcase name="runScenario" time="7.850" classname="org.example.runners.TestRunner1"/>
  <system-out/>
  <testcase name="runScenario" time="16.270" classname="org.example.runners.TestRunner1"/>
  <system-out/>
  <testcase name="runScenario" time="4.977" classname="org.example.runners.TestRunner1"/>
  <system-out/>
  <testcase name="runScenario" time="5.278" classname="org.example.runners.TestRunner1"/>
  <system-out/>
  <testcase name="runScenario" time="6.376" classname="org.example.runners.TestRunner1"/>
  <system-out/>
  <testcase name="runScenario" time="3.553" classname="org.example.runners.TestRunner1"/>
  <system-out/>
  <testcase name="runScenario" time="6.218" classname="org.example.runners.TestRunner1"/>
  <system-out/>
  <testcase name="runScenario" time="4.137" classname="org.example.runners.TestRunner1"/>
  <system-out/>
</testsuite> <!-- org.example.runners.TestRunner1 -->
